2025-01-12 03:17:44 [INFO]: Server started on http://localhost:3000
2025-01-12 03:24:48 [INFO]: Server started on http://localhost:3000
2025-01-12 03:36:04 [INFO]: Server started on http://localhost:3000
2025-01-12 04:00:20 [INFO]: Server started on http://localhost:3000
2025-01-12 04:00:24 [INFO]: Server started on http://localhost:3000
2025-01-12 04:00:37 [INFO]: Server started on http://localhost:3000
2025-01-12 04:00:48 [INFO]: Server started on http://localhost:3000
2025-01-12 04:00:55 [INFO]: Server started on http://localhost:3000
2025-01-12 04:00:59 [INFO]: Server started on http://localhost:3000
2025-01-12 04:01:00 [INFO]: Server started on http://localhost:3000
2025-01-12 04:01:05 [INFO]: Server started on http://localhost:3000
2025-01-12 04:01:06 [INFO]: Server started on http://localhost:3000
2025-01-12 04:01:11 [INFO]: Server started on http://localhost:3000
2025-01-12 04:01:12 [INFO]: Server started on http://localhost:3000
2025-01-12 04:04:58 [INFO]: Server started on http://localhost:3000
2025-01-12 04:05:00 [INFO]: Server started on http://localhost:3000
2025-01-12 04:05:03 [INFO]: Server started on http://localhost:3000
2025-01-12 04:05:06 [INFO]: Server started on http://localhost:3000
2025-01-12 04:05:45 [INFO]: Server started on http://localhost:3000
2025-01-12 04:05:49 [INFO]: Server started on http://localhost:3000
2025-01-12 04:05:51 [INFO]: Server started on http://localhost:3000
2025-01-12 04:05:59 [INFO]: Server started on http://localhost:3000
2025-01-12 04:06:01 [INFO]: Server started on http://localhost:3000
2025-01-12 04:06:02 [INFO]: Server started on http://localhost:3000
2025-01-12 04:06:09 [INFO]: Server started on http://localhost:3000
2025-01-12 04:06:10 [INFO]: Server started on http://localhost:3000
2025-01-12 04:06:13 [INFO]: Server started on http://localhost:3000
2025-01-12 04:06:15 [INFO]: Server started on http://localhost:3000
2025-01-12 04:06:18 [INFO]: Server started on http://localhost:3000
2025-01-12 04:07:27 [INFO]: Server started on http://localhost:3000
2025-01-12 04:07:30 [INFO]: Server started on http://localhost:3000
2025-01-12 04:07:32 [INFO]: Server started on http://localhost:3000
2025-01-12 04:07:36 [INFO]: Server started on http://localhost:3000
2025-01-12 04:10:51 [INFO]: Server started on http://localhost:3000
2025-01-12 04:10:54 [INFO]: Server started on http://localhost:3000
2025-01-12 04:10:56 [INFO]: Server started on http://localhost:3000
2025-01-12 04:10:59 [INFO]: Server started on http://localhost:3000
2025-01-12 04:12:13 [INFO]: Server started on http://localhost:3000
2025-01-12 04:12:17 [INFO]: Server started on http://localhost:3000
2025-01-12 04:12:19 [INFO]: Server started on http://localhost:3000
2025-01-12 04:12:22 [INFO]: Server started on http://localhost:3000
2025-01-12 04:12:47 [INFO]: Server started on http://localhost:3000
2025-01-12 04:12:53 [INFO]: Server started on http://localhost:3000
2025-01-12 04:12:56 [INFO]: Server started on http://localhost:3000
2025-01-12 04:16:15 [INFO]: Server started on http://localhost:3000
2025-01-12 04:16:20 [INFO]: Server started on http://localhost:3000
2025-01-12 04:16:23 [INFO]: Server started on http://localhost:3000
2025-01-12 04:16:26 [INFO]: Server started on http://localhost:3000
2025-01-12 04:16:48 [INFO]: Server started on http://localhost:3000
2025-01-12 04:25:14 [INFO]: Server started on http://localhost:3000
2025-01-12 04:25:16 [INFO]: Server started on http://localhost:3000
2025-01-12 04:25:19 [INFO]: Server started on http://localhost:3000
2025-01-12 04:25:23 [INFO]: Server started on http://localhost:3000
2025-01-12 04:25:31 [INFO]: Server started on http://localhost:3000
2025-01-12 04:26:03 [INFO]: Server started on http://localhost:3000
2025-01-12 04:26:06 [INFO]: Server started on http://localhost:3000
2025-01-12 04:26:09 [INFO]: Server started on http://localhost:3000
2025-01-12 04:26:12 [INFO]: Server started on http://localhost:3000
2025-01-12 04:28:58 [INFO]: Server started on http://localhost:3000
2025-01-12 04:29:10 [INFO]: Server started on http://localhost:3000
2025-01-12 04:31:08 [INFO]: Server started on http://localhost:3000
2025-01-12 04:31:10 [INFO]: Server started on http://localhost:3000
2025-01-12 04:31:16 [INFO]: Server started on http://localhost:3000
2025-01-12 04:32:30 [INFO]: Server started on http://localhost:3000
2025-01-12 04:32:33 [INFO]: Server started on http://localhost:3000
2025-01-12 04:32:54 [INFO]: Server started on http://localhost:3000
2025-01-12 04:32:57 [INFO]: Server started on http://localhost:3000
2025-01-12 04:32:59 [INFO]: Server started on http://localhost:3000
2025-01-12 04:33:20 [INFO]: Server started on http://localhost:3000
2025-01-12 04:34:09 [INFO]: Server started on http://localhost:3000
2025-01-12 04:34:18 [INFO]: Server started on http://localhost:3000
2025-01-12 04:34:47 [INFO]: Server started on http://localhost:3000
2025-01-12 04:35:31 [INFO]: Server started on http://localhost:3000
2025-01-12 04:35:34 [INFO]: Server started on http://localhost:3000
2025-01-12 04:35:41 [INFO]: Server started on http://localhost:3000
2025-01-12 04:35:59 [INFO]: Server started on http://localhost:3000
2025-01-12 04:39:52 [INFO]: Server started on http://localhost:3000
2025-01-12 04:39:54 [INFO]: Server started on http://localhost:3000
2025-01-12 04:39:59 [INFO]: Server started on http://localhost:3000
2025-01-12 04:40:02 [INFO]: Server started on http://localhost:3000
2025-01-12 04:40:03 [INFO]: Server started on http://localhost:3000
2025-01-12 04:40:09 [INFO]: Server started on http://localhost:3000
2025-01-12 04:40:12 [INFO]: Server started on http://localhost:3000
2025-01-12 04:40:14 [INFO]: Server started on http://localhost:3000
2025-01-12 04:40:18 [INFO]: Server started on http://localhost:3000
2025-01-12 04:40:31 [INFO]: Server started on http://localhost:3000
2025-01-12 04:40:34 [INFO]: Server started on http://localhost:3000
2025-01-12 04:40:42 [INFO]: Server started on http://localhost:3000
2025-01-12 04:40:45 [INFO]: Server started on http://localhost:3000
2025-01-12 04:40:51 [INFO]: Server started on http://localhost:3000
2025-01-12 04:41:20 [INFO]: Server started on http://localhost:3000
2025-01-12 04:41:36 [INFO]: Server started on http://localhost:3000
2025-01-12 04:41:37 [INFO]: Server started on http://localhost:3000
2025-01-12 04:41:42 [INFO]: Server started on http://localhost:3000
2025-01-12 04:41:57 [INFO]: Server started on http://localhost:3000
2025-01-12 04:42:00 [INFO]: Server started on http://localhost:3000
2025-01-12 04:42:04 [INFO]: Server started on http://localhost:3000
2025-01-12 04:42:14 [INFO]: Server started on http://localhost:3000
2025-01-12 04:42:17 [INFO]: Server started on http://localhost:3000
2025-01-12 04:42:30 [INFO]: Server started on http://localhost:3000
2025-01-12 04:42:35 [INFO]: Server started on http://localhost:3000
2025-01-12 04:42:36 [INFO]: Server started on http://localhost:3000
2025-01-12 04:42:37 [INFO]: Server started on http://localhost:3000
2025-01-12 04:42:39 [INFO]: Server started on http://localhost:3000
2025-01-12 04:42:40 [INFO]: Server started on http://localhost:3000
2025-01-12 04:42:42 [INFO]: Server started on http://localhost:3000
2025-01-12 04:42:46 [INFO]: Server started on http://localhost:3000
2025-01-12 04:42:53 [INFO]: Server started on http://localhost:3000
2025-01-12 04:43:27 [INFO]: Server started on http://localhost:3000
2025-01-12 04:44:40 [INFO]: Server started on http://localhost:3000
2025-01-12 04:44:41 [INFO]: Server started on http://localhost:3000
2025-01-12 04:44:47 [INFO]: Server started on http://localhost:3000
2025-01-12 04:44:52 [INFO]: Server started on http://localhost:3000
2025-01-12 04:44:54 [INFO]: Server started on http://localhost:3000
2025-01-12 04:44:57 [INFO]: Server started on http://localhost:3000
2025-01-12 04:44:59 [INFO]: Server started on http://localhost:3000
2025-01-12 04:45:32 [INFO]: Server started on http://localhost:3000
2025-01-12 04:45:56 [INFO]: Server started on http://localhost:3000
2025-01-12 04:45:57 [INFO]: Server started on http://localhost:3000
2025-01-12 04:46:03 [INFO]: Server started on http://localhost:3000
2025-01-12 04:47:17 [INFO]: Server started on http://localhost:3000
2025-01-12 04:47:22 [INFO]: Server started on http://localhost:3000
2025-01-12 04:47:23 [INFO]: Server started on http://localhost:3000
2025-01-12 04:47:27 [INFO]: Server started on http://localhost:3000
2025-01-12 04:47:32 [INFO]: Server started on http://localhost:3000
2025-01-12 04:47:35 [INFO]: Server started on http://localhost:3000
2025-01-12 04:47:36 [INFO]: Server started on http://localhost:3000
2025-01-12 04:47:49 [INFO]: Server started on http://localhost:3000
2025-01-12 04:56:12 [INFO]: Server started on http://localhost:3000
2025-01-12 04:56:15 [INFO]: Server started on http://localhost:3000
2025-01-12 04:56:26 [INFO]: Server started on http://localhost:3000
2025-01-12 04:57:00 [INFO]: Server started on http://localhost:3000
2025-01-12 04:57:40 [INFO]: Server started on http://localhost:3000
2025-01-12 04:57:45 [INFO]: Server started on http://localhost:3000
2025-01-12 04:57:47 [INFO]: Server started on http://localhost:3000
2025-01-12 04:57:53 [INFO]: Server started on http://localhost:3000
2025-01-12 04:59:06 [INFO]: Server started on http://localhost:3000
2025-01-12 04:59:17 [INFO]: Server started on http://localhost:3000
2025-01-12 05:00:14 [INFO]: Server started on http://localhost:3000
2025-01-12 05:00:17 [INFO]: Server started on http://localhost:3000
2025-01-12 05:00:19 [INFO]: Server started on http://localhost:3000
2025-01-12 05:00:30 [INFO]: Server started on http://localhost:3000
2025-01-12 05:00:33 [INFO]: Server started on http://localhost:3000
2025-01-12 05:00:43 [INFO]: Server started on http://localhost:3000
2025-01-12 05:00:44 [INFO]: Server started on http://localhost:3000
2025-01-12 05:00:57 [INFO]: Server started on http://localhost:3000
2025-01-12 05:00:58 [INFO]: Server started on http://localhost:3000
2025-01-12 05:01:09 [INFO]: Server started on http://localhost:3000
2025-01-12 05:01:13 [INFO]: Server started on http://localhost:3000
2025-01-12 05:01:16 [INFO]: Server started on http://localhost:3000
2025-01-12 05:01:29 [INFO]: Server started on http://localhost:3000
2025-01-12 05:01:34 [INFO]: Server started on http://localhost:3000
2025-01-12 05:01:45 [INFO]: Server started on http://localhost:3000
2025-01-12 05:01:47 [INFO]: Server started on http://localhost:3000
2025-01-12 05:01:55 [INFO]: Server started on http://localhost:3000
2025-01-12 05:01:59 [INFO]: Server started on http://localhost:3000
2025-01-12 05:02:02 [INFO]: Server started on http://localhost:3000
2025-01-12 05:02:59 [INFO]: Server started on http://localhost:3000
2025-01-12 05:03:06 [INFO]: Server started on http://localhost:3000
2025-01-12 05:03:07 [INFO]: Server started on http://localhost:3000
2025-01-12 05:03:12 [INFO]: Server started on http://localhost:3000
2025-01-12 05:03:35 [INFO]: Server started on http://localhost:3000
2025-01-12 05:03:37 [INFO]: Server started on http://localhost:3000
2025-01-12 05:03:39 [INFO]: Server started on http://localhost:3000
2025-01-12 05:03:42 [INFO]: Server started on http://localhost:3000
2025-01-12 05:03:44 [INFO]: Server started on http://localhost:3000
2025-01-12 05:04:37 [INFO]: Server started on http://localhost:3000
2025-01-12 05:04:47 [INFO]: Server started on http://localhost:3000
2025-01-12 05:05:18 [INFO]: Server started on http://localhost:3000
2025-01-12 05:05:22 [INFO]: Server started on http://localhost:3000
2025-01-12 05:05:28 [INFO]: Server started on http://localhost:3000
2025-01-12 05:06:16 [INFO]: Server started on http://localhost:3000
2025-01-12 05:06:17 [INFO]: Server started on http://localhost:3000
2025-01-12 05:06:20 [INFO]: Server started on http://localhost:3000
2025-01-12 05:06:32 [INFO]: Server started on http://localhost:3000
2025-01-12 05:06:53 [INFO]: Server started on http://localhost:3000
2025-01-12 05:07:04 [INFO]: Server started on http://localhost:3000
2025-01-12 05:07:05 [INFO]: Server started on http://localhost:3000
2025-01-12 05:07:14 [INFO]: Server started on http://localhost:3000
2025-01-12 05:07:20 [INFO]: Server started on http://localhost:3000
2025-01-12 05:07:28 [INFO]: Server started on http://localhost:3000
2025-01-12 05:07:35 [INFO]: Server started on http://localhost:3000
2025-01-12 05:07:43 [INFO]: Server started on http://localhost:3000
2025-01-12 05:07:44 [INFO]: Server started on http://localhost:3000
2025-01-12 05:07:50 [INFO]: Server started on http://localhost:3000
2025-01-12 05:07:57 [INFO]: Server started on http://localhost:3000
2025-01-12 05:08:03 [INFO]: Server started on http://localhost:3000
2025-01-12 05:08:04 [INFO]: Server started on http://localhost:3000
2025-01-12 05:08:25 [INFO]: Server started on http://localhost:3000
2025-01-12 05:08:41 [INFO]: Server started on http://localhost:3000
2025-01-12 05:08:45 [INFO]: Server started on http://localhost:3000
2025-01-12 05:09:32 [INFO]: Server started on http://localhost:3000
2025-01-12 05:09:40 [INFO]: Server started on http://localhost:3000
2025-01-12 05:09:45 [INFO]: Server started on http://localhost:3000
2025-01-12 05:09:50 [INFO]: Server started on http://localhost:3000
2025-01-12 05:09:57 [INFO]: Server started on http://localhost:3000
2025-01-12 05:10:03 [INFO]: Server started on http://localhost:3000
2025-01-12 05:10:09 [INFO]: Server started on http://localhost:3000
2025-01-12 05:10:22 [INFO]: Server started on http://localhost:3000
2025-01-12 05:10:27 [INFO]: Server started on http://localhost:3000
2025-01-12 05:10:30 [INFO]: Server started on http://localhost:3000
2025-01-12 05:10:43 [INFO]: Server started on http://localhost:3000
2025-01-12 05:10:48 [INFO]: Server started on http://localhost:3000
2025-01-12 05:10:55 [INFO]: Server started on http://localhost:3000
2025-01-12 05:11:05 [INFO]: Server started on http://localhost:3000
2025-01-12 05:11:10 [INFO]: Server started on http://localhost:3000
2025-01-12 05:11:13 [INFO]: Server started on http://localhost:3000
2025-01-12 05:11:22 [INFO]: Server started on http://localhost:3000
2025-01-12 05:11:25 [INFO]: Server started on http://localhost:3000
2025-01-12 05:11:32 [INFO]: Server started on http://localhost:3000
2025-01-12 05:11:36 [INFO]: Server started on http://localhost:3000
2025-01-12 05:11:49 [INFO]: Server started on http://localhost:3000
2025-01-12 05:12:02 [INFO]: Server started on http://localhost:3000
2025-01-12 05:12:04 [INFO]: Server started on http://localhost:3000
2025-01-12 05:12:06 [INFO]: Server started on http://localhost:3000
2025-01-12 05:12:08 [INFO]: Server started on http://localhost:3000
2025-01-12 05:12:10 [INFO]: Server started on http://localhost:3000
2025-01-12 05:12:19 [INFO]: Server started on http://localhost:3000
2025-01-12 05:12:22 [INFO]: Server started on http://localhost:3000
2025-01-12 05:12:24 [INFO]: Server started on http://localhost:3000
2025-01-12 05:12:39 [INFO]: Server started on http://localhost:3000
2025-01-12 05:12:41 [INFO]: Server started on http://localhost:3000
2025-01-12 05:12:46 [INFO]: Server started on http://localhost:3000
2025-01-12 05:12:56 [INFO]: Server started on http://localhost:3000
2025-01-12 05:13:01 [INFO]: Server started on http://localhost:3000
2025-01-12 05:13:04 [INFO]: Server started on http://localhost:3000
2025-01-12 05:13:58 [INFO]: Server started on http://localhost:3000
2025-01-12 05:14:02 [INFO]: Server started on http://localhost:3000
2025-01-12 05:14:03 [INFO]: Server started on http://localhost:3000
2025-01-12 05:14:04 [INFO]: Server started on http://localhost:3000
2025-01-12 05:14:14 [INFO]: Server started on http://localhost:3000
2025-01-12 05:14:24 [INFO]: Server started on http://localhost:3000
2025-01-12 05:14:26 [INFO]: Server started on http://localhost:3000
2025-01-12 05:14:31 [INFO]: Server started on http://localhost:3000
2025-01-12 05:14:54 [INFO]: Server started on http://localhost:3000
2025-01-12 05:14:56 [INFO]: Server started on http://localhost:3000
2025-01-12 05:14:58 [INFO]: Server started on http://localhost:3000
2025-01-12 05:15:05 [INFO]: Server started on http://localhost:3000
2025-01-12 05:16:17 [INFO]: Server started on http://localhost:3000
2025-01-12 05:16:22 [INFO]: Server started on http://localhost:3000
2025-01-12 05:16:23 [INFO]: Server started on http://localhost:3000
2025-01-12 05:16:35 [INFO]: Server started on http://localhost:3000
2025-01-12 05:16:40 [INFO]: Server started on http://localhost:3000
2025-01-12 05:16:48 [INFO]: Server started on http://localhost:3000
2025-01-12 05:16:50 [INFO]: Server started on http://localhost:3000
2025-01-12 05:16:51 [INFO]: Server started on http://localhost:3000
2025-01-12 05:17:02 [INFO]: Server started on http://localhost:3000
2025-01-12 05:17:56 [INFO]: Server started on http://localhost:3000
2025-01-12 05:17:57 [INFO]: Server started on http://localhost:3000
2025-01-12 05:18:09 [INFO]: Server started on http://localhost:3000
2025-01-12 05:18:21 [INFO]: Server started on http://localhost:3000
2025-01-12 05:18:23 [INFO]: Server started on http://localhost:3000
2025-01-12 05:18:43 [INFO]: Server started on http://localhost:3000
2025-01-12 05:18:48 [INFO]: Server started on http://localhost:3000
2025-01-12 05:18:51 [INFO]: Server started on http://localhost:3000
2025-01-12 05:18:53 [INFO]: Server started on http://localhost:3000
2025-01-12 05:18:55 [INFO]: Server started on http://localhost:3000
2025-01-12 05:19:14 [INFO]: Server started on http://localhost:3000
2025-01-12 05:19:28 [INFO]: Server started on http://localhost:3000
2025-01-12 05:19:29 [INFO]: Server started on http://localhost:3000
2025-01-12 05:19:30 [INFO]: Server started on http://localhost:3000
2025-01-12 05:19:31 [INFO]: Server started on http://localhost:3000
2025-01-12 05:19:33 [INFO]: Server started on http://localhost:3000
2025-01-12 05:19:47 [INFO]: Server started on http://localhost:3000
2025-01-12 05:20:03 [INFO]: Server started on http://localhost:3000
2025-01-12 05:20:11 [INFO]: Server started on http://localhost:3000
2025-01-12 05:20:15 [INFO]: Server started on http://localhost:3000
2025-01-12 05:20:16 [INFO]: Server started on http://localhost:3000
2025-01-12 05:20:26 [INFO]: Server started on http://localhost:3000
2025-01-12 05:20:29 [INFO]: Server started on http://localhost:3000
2025-01-13 08:24:41 [INFO]: MongoDB Connected...
2025-01-13 08:28:28 [INFO]: MongoDB Connected...
2025-01-13 08:28:32 [INFO]: MongoDB Connected...
2025-01-13 08:30:28 [INFO]: MongoDB Connected...
2025-01-13 08:30:41 [INFO]: MongoDB Connected...
2025-01-13 08:30:44 [INFO]: MongoDB Connected...
2025-01-13 08:30:48 [INFO]: MongoDB Connected...
2025-01-13 08:30:51 [INFO]: MongoDB Connected...
2025-01-13 08:37:07 [INFO]: MongoDB Connected...
2025-01-13 08:37:21 [INFO]: MongoDB Connected...
2025-01-13 08:37:28 [INFO]: MongoDB Connected...
2025-01-13 08:37:54 [INFO]: MongoDB Connected...
2025-01-13 08:38:00 [INFO]: MongoDB Connected...
2025-01-13 08:38:10 [INFO]: MongoDB Connected...
2025-01-13 08:38:15 [INFO]: MongoDB Connected...
2025-01-13 08:39:36 [INFO]: MongoDB Connected...
2025-01-13 08:40:19 [INFO]: MongoDB Connected...
2025-01-13 08:40:28 [INFO]: MongoDB Connected...
2025-01-13 08:40:30 [INFO]: MongoDB Connected...
2025-01-13 08:40:37 [INFO]: MongoDB Connected...
2025-01-13 08:40:42 [INFO]: MongoDB Connected...
2025-01-13 08:40:47 [INFO]: MongoDB Connected...
2025-01-13 08:40:54 [INFO]: MongoDB Connected...
2025-01-13 08:40:57 [INFO]: MongoDB Connected...
2025-01-13 08:40:59 [INFO]: MongoDB Connected...
2025-01-13 08:41:02 [INFO]: MongoDB Connected...
2025-01-13 08:41:07 [INFO]: MongoDB Connected...
2025-01-13 08:41:09 [INFO]: MongoDB Connected...
2025-01-13 08:41:14 [INFO]: MongoDB Connected...
2025-01-13 08:42:12 [INFO]: MongoDB Connected...
2025-01-13 08:44:21 [INFO]: MongoDB Connected...
2025-01-13 08:44:31 [INFO]: MongoDB Connected...
2025-01-13 08:44:40 [INFO]: MongoDB Connected...
2025-01-13 08:46:19 [INFO]: MongoDB Connected...
2025-01-13 08:46:58 [INFO]: MongoDB Connected...
2025-01-13 08:47:12 [INFO]: MongoDB Connected...
2025-01-13 08:50:34 [INFO]: MongoDB Connected...
2025-01-13 08:50:39 [INFO]: MongoDB Connected...
2025-01-13 08:52:11 [INFO]: MongoDB Connected...
2025-01-13 08:52:57 [INFO]: MongoDB Connected...
2025-01-13 08:53:12 [INFO]: MongoDB Connected...
2025-01-13 08:53:18 [INFO]: MongoDB Connected...
2025-01-13 08:53:47 [INFO]: MongoDB Connected...
2025-01-13 08:55:27 [INFO]: MongoDB Connected...
2025-01-13 08:56:26 [INFO]: MongoDB Connected...
2025-01-13 08:56:32 [INFO]: MongoDB Connected...
2025-01-13 08:56:43 [INFO]: MongoDB Connected...
2025-01-13 08:56:46 [INFO]: MongoDB Connected...
2025-01-13 08:58:34 [INFO]: MongoDB Connected...
2025-01-13 09:01:53 [INFO]: MongoDB Connected...
2025-01-13 09:02:01 [INFO]: MongoDB Connected...
2025-01-13 09:02:05 [INFO]: MongoDB Connected...
2025-01-13 09:02:09 [INFO]: MongoDB Connected...
2025-01-13 09:05:08 [INFO]: MongoDB Connected...
2025-01-13 09:05:12 [INFO]: MongoDB Connected...
2025-01-13 09:05:41 [INFO]: MongoDB Connected...
2025-01-13 09:06:38 [INFO]: MongoDB Connected...
2025-01-13 09:10:13 [INFO]: MongoDB Connected...
2025-01-13 09:10:19 [INFO]: MongoDB Connected...
2025-01-13 09:10:21 [INFO]: MongoDB Connected...
2025-01-13 09:10:45 [INFO]: MongoDB Connected...
2025-01-13 09:10:47 [INFO]: MongoDB Connected...
2025-01-13 09:15:55 [INFO]: MongoDB Connected...
2025-01-13 09:16:01 [INFO]: MongoDB Connected...
2025-01-13 09:16:11 [INFO]: MongoDB Connected...
2025-01-13 09:16:23 [INFO]: MongoDB Connected...
2025-01-13 09:16:39 [INFO]: MongoDB Connected...
2025-01-13 09:16:48 [INFO]: MongoDB Connected...
2025-01-13 09:17:20 [INFO]: MongoDB Connected...
2025-01-13 09:19:53 [INFO]: MongoDB Connected...
2025-01-13 09:20:25 [ERROR]: MongoDB Connected...
2025-01-13 09:22:33 [INFO]: MongoDB Connected...
2025-01-13 09:23:42 [INFO]: MongoDB Connected...
2025-01-13 09:24:05 [INFO]: MongoDB Connected...
2025-01-13 09:24:10 [INFO]: MongoDB Connected...
2025-01-13 09:24:32 [ERROR]: MongoDB Connected...
2025-01-13 09:24:32 [ERROR]: MongoDB Connected...
2025-01-13 09:24:45 [INFO]: MongoDB Connected...
2025-01-13 09:25:03 [INFO]: MongoDB Connected...
2025-01-13 09:25:27 [INFO]: MongoDB Connected...
2025-01-13 09:25:30 [INFO]: MongoDB Connected...
2025-01-13 09:25:34 [INFO]: MongoDB Connected...
2025-01-13 09:25:41 [INFO]: MongoDB Connected...
2025-01-13 09:25:45 [INFO]: MongoDB Connected...
2025-01-13 09:25:48 [INFO]: MongoDB Connected...
2025-01-13 09:25:57 [INFO]: MongoDB Connected...
2025-01-13 09:26:00 [INFO]: MongoDB Connected...
2025-01-13 09:28:41 [INFO]: MongoDB Connected...
2025-01-13 09:29:12 [INFO]: MongoDB Connected...
2025-01-13 09:35:32 [INFO]: MongoDB Connected...
2025-01-13 09:39:44 [INFO]: MongoDB Connected...
2025-01-13 09:40:23 [INFO]: MongoDB Connected...
2025-01-13 09:41:07 [INFO]: MongoDB Connected...
2025-01-13 09:41:47 [INFO]: MongoDB Connected...
2025-01-13 09:41:59 [INFO]: MongoDB Connected...
2025-01-13 09:42:02 [INFO]: MongoDB Connected...
2025-01-13 09:43:26 [INFO]: MongoDB Connected...
2025-01-13 09:43:29 [INFO]: MongoDB Connected...
2025-01-13 09:44:11 [INFO]: MongoDB Connected...
2025-01-13 09:44:59 [INFO]: MongoDB Connected...
2025-01-13 09:45:21 [INFO]: MongoDB Connected...
2025-01-13 09:47:59 [INFO]: MongoDB Connected...
2025-01-13 09:48:04 [INFO]: MongoDB Connected...
2025-01-13 09:49:53 [INFO]: MongoDB Connected...
2025-01-13 09:49:58 [INFO]: MongoDB Connected...
2025-01-13 09:50:07 [INFO]: MongoDB Connected...
2025-01-13 09:50:21 [ERROR]: Error sending message: The registration token is not a valid FCM registration token
2025-01-13 09:50:21 [ERROR]: Error sending message: The registration token is not a valid FCM registration token
2025-01-13 09:53:10 [INFO]: MongoDB Connected...
2025-01-13 09:53:14 [INFO]: MongoDB Connected...
2025-01-13 09:53:18 [INFO]: MongoDB Connected...
2025-01-13 09:53:21 [INFO]: MongoDB Connected...
2025-01-13 09:53:24 [INFO]: MongoDB Connected...
2025-01-13 09:53:28 [INFO]: MongoDB Connected...
2025-01-13 09:53:43 [INFO]: MongoDB Connected...
2025-01-13 09:53:53 [INFO]: MongoDB Connected...
2025-01-13 09:54:04 [INFO]: MongoDB Connected...
2025-01-13 09:54:10 [INFO]: MongoDB Connected...
2025-01-13 09:54:19 [INFO]: MongoDB Connected...
2025-01-13 09:54:23 [INFO]: MongoDB Connected...
2025-01-13 09:54:26 [INFO]: MongoDB Connected...
2025-01-13 09:54:30 [INFO]: MongoDB Connected...
2025-01-13 09:54:33 [INFO]: MongoDB Connected...
2025-01-13 09:54:42 [INFO]: MongoDB Connected...
2025-01-13 09:54:58 [INFO]: MongoDB Connected...
2025-01-13 09:55:23 [INFO]: MongoDB Connected...
2025-01-13 09:55:29 [INFO]: MongoDB Connected...
2025-01-13 09:55:31 [INFO]: MongoDB Connected...
2025-01-13 09:55:36 [INFO]: MongoDB Connected...
2025-01-13 09:55:40 [INFO]: MongoDB Connected...
2025-01-13 09:55:45 [INFO]: MongoDB Connected...
2025-01-13 09:55:49 [INFO]: MongoDB Connected...
2025-01-13 09:55:54 [INFO]: MongoDB Connected...
2025-01-13 09:55:58 [INFO]: MongoDB Connected...
2025-01-13 09:56:04 [INFO]: MongoDB Connected...
2025-01-13 09:56:09 [INFO]: MongoDB Connected...
2025-01-13 09:56:12 [INFO]: MongoDB Connected...
2025-01-13 09:56:15 [INFO]: MongoDB Connected...
2025-01-13 10:00:04 [INFO]: MongoDB Connected...
2025-01-13 10:00:11 [INFO]: MongoDB Connected...
2025-01-13 10:00:16 [INFO]: MongoDB Connected...
2025-01-13 10:00:19 [INFO]: MongoDB Connected...
2025-01-13 10:00:22 [INFO]: MongoDB Connected...
2025-01-13 10:02:54 [INFO]: MongoDB Connected...
2025-01-13 10:03:10 [INFO]: MongoDB Connected...
2025-01-13 10:03:27 [INFO]: MongoDB Connected...
2025-01-13 10:04:14 [INFO]: MongoDB Connected...
2025-01-13 10:05:12 [INFO]: MongoDB Connected...
2025-01-13 10:05:32 [INFO]: MongoDB Connected...
2025-01-13 10:05:44 [INFO]: MongoDB Connected...
2025-01-13 10:05:51 [INFO]: MongoDB Connected...
2025-01-13 10:05:56 [INFO]: MongoDB Connected...
2025-01-13 10:06:00 [INFO]: MongoDB Connected...
2025-01-13 10:06:03 [INFO]: MongoDB Connected...
2025-01-13 10:06:13 [INFO]: MongoDB Connected...
2025-01-13 10:06:24 [INFO]: MongoDB Connected...
2025-01-13 10:07:29 [INFO]: MongoDB Connected...
2025-01-13 10:07:42 [INFO]: MongoDB Connected...
2025-01-13 10:08:46 [INFO]: MongoDB Connected...
2025-01-13 10:08:52 [INFO]: MongoDB Connected...
2025-01-13 10:08:54 [INFO]: MongoDB Connected...
2025-01-13 10:08:58 [INFO]: MongoDB Connected...
2025-01-13 10:09:04 [INFO]: MongoDB Connected...
2025-01-13 10:09:08 [INFO]: MongoDB Connected...
2025-01-13 10:09:14 [INFO]: MongoDB Connected...
2025-01-13 10:09:16 [INFO]: MongoDB Connected...
2025-01-13 10:09:26 [INFO]: MongoDB Connected...
2025-01-13 10:09:33 [INFO]: MongoDB Connected...
2025-01-13 10:10:58 [INFO]: MongoDB Connected...
2025-01-13 10:11:24 [INFO]: MongoDB Connected...
2025-01-13 10:11:32 [INFO]: MongoDB Connected...
2025-01-13 10:11:57 [INFO]: 
2025-01-13 10:11:57 [INFO]: MongoDB Connected...
2025-01-13 10:12:00 [INFO]: Sockect 
2025-01-13 10:12:01 [INFO]: MongoDB Connected...
2025-01-13 10:12:04 [INFO]: Sockect conected
2025-01-13 10:12:04 [INFO]: MongoDB Connected...
2025-01-13 10:15:00 [INFO]: Sockect conected
2025-01-13 10:15:00 [INFO]: MongoDB Connected...
2025-01-13 10:15:37 [INFO]: Sockect conected
2025-01-13 10:15:38 [INFO]: MongoDB Connected...
2025-01-13 10:15:45 [INFO]: Sockect Conected
2025-01-13 10:15:46 [INFO]: MongoDB Connected...
2025-01-13 10:16:12 [INFO]: Sockect Conected
2025-01-13 10:16:12 [INFO]: MongoDB Connected...
2025-01-13 10:17:10 [INFO]: Sockect Conected
2025-01-13 10:17:11 [INFO]: MongoDB Connected...
2025-01-13 10:17:49 [INFO]: Sockect Conected
2025-01-13 10:17:49 [INFO]: MongoDB Connected...
2025-01-13 10:17:53 [INFO]: Sockect Conected
2025-01-13 10:17:53 [INFO]: MongoDB Connected...
2025-01-13 10:18:45 [INFO]: Sockect Conected
2025-01-13 10:18:46 [INFO]: MongoDB Connected...
2025-01-13 10:20:25 [INFO]: Sockect Conected
2025-01-13 10:20:25 [INFO]: MongoDB Connected...
2025-01-13 10:24:54 [INFO]: MongoDB Connected...
2025-01-13 10:25:41 [INFO]: MongoDB Connected...
2025-01-13 10:25:53 [INFO]: MongoDB Connected...
2025-01-13 10:25:55 [INFO]: MongoDB Connected...
2025-01-13 10:26:10 [INFO]: MongoDB Connected...
2025-01-13 10:26:21 [INFO]: MongoDB Connected...
2025-01-13 10:26:29 [INFO]: MongoDB Connected...
2025-01-13 10:26:41 [INFO]: MongoDB Connected...
2025-01-13 10:26:46 [INFO]: MongoDB Connected...
2025-01-13 10:26:50 [INFO]: MongoDB Connected...
2025-01-13 10:28:01 [INFO]: MongoDB Connected...
2025-01-13 10:28:05 [INFO]: MongoDB Connected...
2025-01-13 10:28:35 [INFO]: MongoDB Connected...
2025-01-13 10:28:53 [INFO]: MongoDB Connected...
2025-01-13 10:40:45 [INFO]: MongoDB Connected...
2025-01-13 10:41:00 [INFO]: MongoDB Connected...
2025-01-13 10:41:04 [INFO]: MongoDB Connected...
2025-01-13 10:41:10 [INFO]: MongoDB Connected...
2025-01-13 10:48:59 [INFO]: MongoDB Connected...
2025-01-13 10:49:01 [INFO]: MongoDB Connected...
2025-01-13 10:49:07 [INFO]: MongoDB Connected...
2025-01-13 10:49:16 [INFO]: MongoDB Connected...
2025-01-13 10:49:27 [INFO]: MongoDB Connected...
2025-01-13 10:52:32 [INFO]: MongoDB Connected...
2025-01-13 21:16:53 [INFO]: MongoDB Connected...
2025-01-13 21:17:40 [INFO]: MongoDB Connected...
2025-01-13 21:27:06 [INFO]: MongoDB Connected...
2025-01-13 21:27:14 [INFO]: MongoDB Connected...
2025-01-13 21:27:22 [INFO]: MongoDB Connected...
2025-01-13 21:27:30 [INFO]: MongoDB Connected...
2025-01-13 21:27:33 [INFO]: MongoDB Connected...
2025-01-13 21:27:35 [INFO]: MongoDB Connected...
2025-01-13 21:27:39 [INFO]: MongoDB Connected...
2025-01-13 21:54:06 [INFO]: MongoDB Connected...
2025-01-13 21:57:26 [INFO]: MongoDB Connected...
2025-01-13 21:58:42 [INFO]: MongoDB Connected...
2025-01-13 22:02:40 [INFO]: MongoDB Connected...
2025-01-13 22:02:42 [INFO]: MongoDB Connected...
2025-01-13 22:03:37 [INFO]: MongoDB Connected...
2025-01-13 22:04:23 [INFO]: MongoDB Connected...
2025-01-13 22:04:31 [INFO]: MongoDB Connected...
2025-01-13 22:04:33 [INFO]: MongoDB Connected...
2025-01-13 22:07:27 [INFO]: MongoDB Connected...
2025-01-13 22:08:10 [INFO]: MongoDB Connected...
2025-01-13 22:09:02 [INFO]: MongoDB Connected...
2025-01-13 22:12:19 [INFO]: MongoDB Connected...
2025-01-13 22:13:52 [INFO]: MongoDB Connected...
2025-01-13 22:20:35 [INFO]: MongoDB Connected...
2025-01-13 22:20:40 [INFO]: MongoDB Connected...
2025-01-13 22:20:48 [INFO]: MongoDB Connected...
2025-01-13 22:21:03 [INFO]: MongoDB Connected...
2025-01-13 22:21:13 [INFO]: MongoDB Connected...
2025-01-13 22:21:25 [INFO]: MongoDB Connected...
2025-01-13 22:21:27 [INFO]: MongoDB Connected...
2025-01-13 22:21:29 [INFO]: MongoDB Connected...
2025-01-13 22:21:34 [INFO]: MongoDB Connected...
2025-01-13 22:24:44 [INFO]: MongoDB Connected...
2025-01-13 22:27:29 [INFO]: MongoDB Connected...
2025-01-13 22:27:34 [INFO]: MongoDB Connected...
2025-01-13 22:28:56 [INFO]: MongoDB Connected...
2025-01-13 22:29:01 [INFO]: MongoDB Connected...
2025-01-13 22:29:22 [INFO]: MongoDB Connected...
2025-01-13 22:29:26 [INFO]: MongoDB Connected...
2025-01-13 22:32:49 [INFO]: MongoDB Connected...
2025-01-13 22:35:35 [INFO]: MongoDB Connected...
2025-01-13 22:35:38 [INFO]: MongoDB Connected...
2025-01-13 22:35:40 [INFO]: MongoDB Connected...
2025-01-13 22:35:45 [INFO]: MongoDB Connected...
2025-01-13 22:37:23 [INFO]: MongoDB Connected...
2025-01-13 22:37:31 [INFO]: MongoDB Connected...
2025-01-13 22:37:37 [INFO]: MongoDB Connected...
2025-01-13 22:41:26 [INFO]: MongoDB Connected...
2025-01-13 22:45:28 [INFO]: MongoDB Connected...
2025-01-13 22:45:30 [INFO]: MongoDB Connected...
2025-01-13 22:45:59 [INFO]: MongoDB Connected...
2025-01-13 22:51:17 [INFO]: MongoDB Connected...
2025-01-13 23:03:01 [INFO]: MongoDB Connected...
2025-01-13 23:03:26 [INFO]: MongoDB Connected...
2025-01-13 23:03:32 [INFO]: MongoDB Connected...
2025-01-13 23:13:33 [INFO]: MongoDB Connected...
2025-01-13 23:13:45 [INFO]: MongoDB Connected...
2025-01-13 23:13:49 [INFO]: MongoDB Connected...
2025-01-13 23:14:04 [INFO]: MongoDB Connected...
2025-01-13 23:14:21 [INFO]: MongoDB Connected...
2025-01-13 23:14:36 [INFO]: MongoDB Connected...
2025-01-13 23:15:09 [INFO]: MongoDB Connected...
2025-01-13 23:15:18 [INFO]: MongoDB Connected...
2025-01-13 23:16:11 [INFO]: MongoDB Connected...
2025-01-13 23:16:24 [INFO]: MongoDB Connected...
2025-01-13 23:16:30 [INFO]: MongoDB Connected...
2025-01-13 23:16:38 [INFO]: MongoDB Connected...
2025-01-13 23:16:43 [INFO]: MongoDB Connected...
2025-01-13 23:16:53 [INFO]: MongoDB Connected...
2025-01-13 23:17:05 [INFO]: MongoDB Connected...
2025-01-13 23:17:09 [INFO]: MongoDB Connected...
2025-01-13 23:17:12 [INFO]: MongoDB Connected...
2025-01-13 23:17:14 [INFO]: MongoDB Connected...
2025-01-13 23:17:22 [INFO]: MongoDB Connected...
2025-01-13 23:17:29 [INFO]: MongoDB Connected...
2025-01-13 23:17:33 [INFO]: MongoDB Connected...
2025-01-13 23:17:37 [INFO]: MongoDB Connected...
2025-01-13 23:17:41 [INFO]: MongoDB Connected...
2025-01-13 23:18:50 [INFO]: MongoDB Connected...
2025-01-13 23:18:57 [INFO]: MongoDB Connected...
2025-01-13 23:19:00 [INFO]: MongoDB Connected...
2025-01-13 23:19:16 [INFO]: MongoDB Connected...
2025-01-13 23:19:51 [INFO]: MongoDB Connected...
2025-01-13 23:19:56 [INFO]: MongoDB Connected...
2025-01-13 23:20:04 [INFO]: MongoDB Connected...
2025-01-13 23:20:17 [INFO]: MongoDB Connected...
2025-01-13 23:20:30 [INFO]: MongoDB Connected...
2025-01-13 23:20:40 [INFO]: MongoDB Connected...
2025-01-13 23:20:56 [INFO]: MongoDB Connected...
2025-01-13 23:20:59 [INFO]: MongoDB Connected...
2025-01-13 23:21:04 [INFO]: MongoDB Connected...
2025-01-13 23:21:12 [INFO]: MongoDB Connected...
2025-01-13 23:21:26 [INFO]: MongoDB Connected...
2025-01-13 23:21:39 [INFO]: MongoDB Connected...
2025-01-13 23:21:53 [INFO]: MongoDB Connected...
2025-01-13 23:21:59 [INFO]: MongoDB Connected...
2025-01-13 23:22:54 [INFO]: MongoDB Connected...
2025-01-13 23:23:06 [INFO]: MongoDB Connected...
2025-01-13 23:23:36 [INFO]: MongoDB Connected...
2025-01-13 23:23:39 [INFO]: MongoDB Connected...
2025-01-13 23:23:44 [INFO]: MongoDB Connected...
2025-01-13 23:24:18 [INFO]: MongoDB Connected...
2025-01-13 23:24:25 [INFO]: MongoDB Connected...
2025-01-13 23:24:28 [INFO]: MongoDB Connected...
2025-01-13 23:24:35 [INFO]: MongoDB Connected...
2025-01-13 23:24:43 [INFO]: MongoDB Connected...
2025-01-13 23:24:45 [INFO]: MongoDB Connected...
2025-01-13 23:24:58 [INFO]: MongoDB Connected...
2025-01-13 23:25:13 [INFO]: MongoDB Connected...
2025-01-13 23:25:25 [INFO]: MongoDB Connected...
2025-01-13 23:25:35 [INFO]: MongoDB Connected...
2025-01-13 23:25:39 [INFO]: MongoDB Connected...
2025-01-13 23:25:45 [INFO]: MongoDB Connected...
2025-01-13 23:25:48 [INFO]: MongoDB Connected...
2025-01-13 23:25:54 [INFO]: MongoDB Connected...
2025-01-13 23:25:58 [INFO]: MongoDB Connected...
2025-01-13 23:26:11 [INFO]: MongoDB Connected...
2025-01-13 23:27:08 [INFO]: MongoDB Connected...
2025-01-13 23:28:40 [INFO]: MongoDB Connected...
2025-01-13 23:28:59 [INFO]: MongoDB Connected...
2025-01-13 23:31:40 [INFO]: MongoDB Connected...
2025-01-13 23:31:43 [INFO]: MongoDB Connected...
2025-01-13 23:31:58 [INFO]: MongoDB Connected...
2025-01-13 23:32:29 [INFO]: MongoDB Connected...
2025-01-13 23:32:32 [INFO]: MongoDB Connected...
2025-01-13 23:33:26 [INFO]: MongoDB Connected...
2025-01-13 23:33:32 [INFO]: MongoDB Connected...
2025-01-13 23:33:35 [INFO]: MongoDB Connected...
2025-01-13 23:33:39 [INFO]: MongoDB Connected...
2025-01-13 23:33:43 [INFO]: MongoDB Connected...
2025-01-13 23:34:41 [INFO]: MongoDB Connected...
2025-01-13 23:34:53 [INFO]: MongoDB Connected...
2025-01-13 23:36:05 [INFO]: MongoDB Connected...
2025-01-13 23:36:25 [INFO]: MongoDB Connected...
2025-01-13 23:37:14 [INFO]: MongoDB Connected...
2025-01-13 23:37:18 [INFO]: MongoDB Connected...
2025-01-13 23:37:26 [INFO]: MongoDB Connected...
2025-01-13 23:37:41 [INFO]: MongoDB Connected...
2025-01-13 23:37:47 [INFO]: MongoDB Connected...
2025-01-13 23:37:52 [INFO]: MongoDB Connected...
2025-01-13 23:38:04 [INFO]: MongoDB Connected...
2025-01-13 23:38:11 [INFO]: MongoDB Connected...
2025-01-13 23:38:15 [INFO]: MongoDB Connected...
2025-01-13 23:38:21 [INFO]: MongoDB Connected...
2025-01-13 23:38:25 [INFO]: MongoDB Connected...
2025-01-13 23:38:35 [INFO]: MongoDB Connected...
2025-01-13 23:40:07 [INFO]: MongoDB Connected...
2025-01-13 23:40:28 [INFO]: MongoDB Connected...
2025-01-13 23:41:34 [INFO]: MongoDB Connected...
2025-01-13 23:41:43 [INFO]: MongoDB Connected...
2025-01-13 23:41:52 [INFO]: MongoDB Connected...
2025-01-13 23:42:00 [INFO]: MongoDB Connected...
2025-01-13 23:42:04 [INFO]: MongoDB Connected...
2025-01-13 23:42:16 [INFO]: MongoDB Connected...
2025-01-13 23:42:22 [INFO]: MongoDB Connected...
2025-01-13 23:45:58 [INFO]: MongoDB Connected...
2025-01-13 23:46:03 [INFO]: MongoDB Connected...
2025-01-13 23:46:28 [INFO]: MongoDB Connected...
2025-01-13 23:47:24 [INFO]: MongoDB Connected...
2025-01-13 23:48:11 [INFO]: MongoDB Connected...
2025-01-13 23:49:09 [INFO]: MongoDB Connected...
2025-01-14 00:01:42 [INFO]: MongoDB Connected...
2025-01-14 00:01:45 [INFO]: MongoDB Connected...
2025-01-14 00:02:18 [INFO]: MongoDB Connected...
2025-01-14 00:03:54 [INFO]: MongoDB Connected...
2025-01-14 00:04:00 [INFO]: MongoDB Connected...
2025-01-14 00:06:55 [INFO]: MongoDB Connected...
2025-01-14 00:13:57 [INFO]: MongoDB Connected...
2025-01-14 00:15:46 [INFO]: MongoDB Connected...
2025-01-14 00:18:06 [INFO]: MongoDB Connected...
2025-01-14 00:20:23 [INFO]: MongoDB Connected...
2025-01-14 00:20:34 [INFO]: MongoDB Connected...
2025-01-14 00:21:07 [INFO]: MongoDB Connected...
2025-01-14 00:44:37 [INFO]: MongoDB Connected...
2025-01-14 00:44:42 [INFO]: MongoDB Connected...
2025-01-14 00:44:59 [INFO]: MongoDB Connected...
2025-01-14 00:52:36 [INFO]: MongoDB Connected...
2025-01-14 00:53:49 [INFO]: MongoDB Connected...
2025-01-14 00:53:53 [INFO]: MongoDB Connected...
2025-01-14 00:54:12 [INFO]: MongoDB Connected...
2025-01-14 00:54:14 [INFO]: MongoDB Connected...
2025-01-14 00:54:29 [INFO]: MongoDB Connected...
2025-01-14 00:54:35 [INFO]: MongoDB Connected...
2025-01-14 00:54:42 [INFO]: MongoDB Connected...
2025-01-14 00:54:45 [INFO]: MongoDB Connected...
2025-01-14 00:54:49 [INFO]: MongoDB Connected...
2025-01-14 00:58:50 [INFO]: MongoDB Connected...
2025-01-14 01:01:29 [INFO]: MongoDB Connected...
2025-01-14 01:02:30 [INFO]: MongoDB Connected...
2025-01-14 01:03:28 [INFO]: MongoDB Connected...
2025-01-14 01:03:30 [INFO]: MongoDB Connected...
2025-01-14 01:03:33 [INFO]: MongoDB Connected...
2025-01-14 01:04:11 [INFO]: MongoDB Connected...
2025-01-14 01:04:22 [INFO]: MongoDB Connected...
2025-01-14 01:04:32 [INFO]: MongoDB Connected...
2025-01-14 01:04:35 [INFO]: MongoDB Connected...
2025-01-14 01:05:27 [INFO]: MongoDB Connected...
2025-01-14 01:05:31 [INFO]: MongoDB Connected...
2025-01-14 01:05:41 [INFO]: MongoDB Connected...
2025-01-14 01:06:35 [INFO]: MongoDB Connected...
2025-01-14 02:13:38 [INFO]: MongoDB Connected...
2025-01-14 02:18:35 [INFO]: MongoDB Connected...
2025-01-14 02:18:39 [INFO]: MongoDB Connected...
2025-01-14 02:21:31 [INFO]: MongoDB Connected...
2025-01-14 02:21:50 [INFO]: MongoDB Connected...
2025-01-14 02:21:57 [INFO]: MongoDB Connected...
2025-01-14 02:22:47 [INFO]: MongoDB Connected...
2025-01-14 02:23:00 [INFO]: MongoDB Connected...
2025-01-14 02:23:04 [INFO]: MongoDB Connected...
2025-01-14 02:23:32 [INFO]: MongoDB Connected...
2025-01-14 02:24:12 [INFO]: MongoDB Connected...
2025-01-14 02:24:43 [INFO]: MongoDB Connected...
2025-01-14 02:24:48 [INFO]: MongoDB Connected...
2025-01-14 02:24:52 [INFO]: MongoDB Connected...
2025-01-14 02:24:56 [INFO]: MongoDB Connected...
2025-01-14 02:25:25 [INFO]: MongoDB Connected...
2025-01-14 02:25:32 [INFO]: MongoDB Connected...
2025-01-14 02:25:46 [INFO]: MongoDB Connected...
2025-01-14 02:28:05 [INFO]: MongoDB Connected...
2025-01-14 02:28:12 [INFO]: MongoDB Connected...
2025-01-14 02:37:50 [INFO]: MongoDB Connected...
2025-01-14 02:41:35 [INFO]: MongoDB Connected...
2025-01-14 02:42:00 [INFO]: MongoDB Connected...
2025-01-14 02:46:04 [INFO]: MongoDB Connected...
2025-01-14 02:46:12 [INFO]: MongoDB Connected...
2025-01-14 02:46:27 [INFO]: MongoDB Connected...
2025-01-14 02:46:32 [INFO]: MongoDB Connected...
2025-01-14 02:46:36 [INFO]: MongoDB Connected...
2025-01-14 02:46:42 [INFO]: MongoDB Connected...
2025-01-14 02:46:48 [INFO]: MongoDB Connected...
2025-01-14 02:46:50 [INFO]: MongoDB Connected...
2025-01-14 02:47:11 [INFO]: MongoDB Connected...
2025-01-14 02:48:26 [INFO]: MongoDB Connected...
2025-01-14 02:48:29 [INFO]: MongoDB Connected...
2025-01-14 02:48:33 [INFO]: MongoDB Connected...
2025-01-14 02:48:38 [INFO]: MongoDB Connected...
2025-01-14 02:48:42 [INFO]: MongoDB Connected...
2025-01-14 02:48:45 [INFO]: MongoDB Connected...
2025-01-14 02:50:02 [INFO]: MongoDB Connected...
2025-01-14 02:50:09 [INFO]: MongoDB Connected...
2025-01-14 02:51:42 [INFO]: MongoDB Connected...
2025-01-14 02:51:52 [INFO]: MongoDB Connected...
2025-01-14 02:54:47 [INFO]: MongoDB Connected...
2025-01-14 02:55:14 [INFO]: MongoDB Connected...
2025-01-14 02:55:26 [INFO]: MongoDB Connected...
2025-01-14 02:56:44 [INFO]: MongoDB Connected...
2025-01-14 02:57:39 [INFO]: MongoDB Connected...
2025-01-14 02:59:27 [INFO]: MongoDB Connected...
2025-01-14 02:59:32 [INFO]: MongoDB Connected...
2025-01-14 02:59:41 [INFO]: MongoDB Connected...
2025-01-14 03:00:21 [INFO]: MongoDB Connected...
2025-01-14 03:00:29 [INFO]: MongoDB Connected...
2025-01-14 03:00:34 [INFO]: MongoDB Connected...
2025-01-14 03:01:42 [INFO]: MongoDB Connected...
2025-01-14 03:01:50 [INFO]: MongoDB Connected...
2025-01-14 03:01:57 [INFO]: MongoDB Connected...
2025-01-14 03:02:16 [INFO]: MongoDB Connected...
2025-01-14 03:02:28 [INFO]: MongoDB Connected...
2025-01-14 03:02:56 [INFO]: MongoDB Connected...
2025-01-14 03:03:25 [INFO]: MongoDB Connected...
2025-01-14 03:04:46 [INFO]: MongoDB Connected...
2025-01-14 03:04:52 [INFO]: MongoDB Connected...
2025-01-14 03:05:18 [INFO]: MongoDB Connected...
2025-01-14 03:05:28 [INFO]: MongoDB Connected...
2025-01-14 03:05:52 [INFO]: MongoDB Connected...
2025-01-14 03:06:09 [INFO]: MongoDB Connected...
2025-01-14 03:06:11 [INFO]: MongoDB Connected...
2025-01-14 03:06:18 [INFO]: MongoDB Connected...
2025-01-14 03:07:54 [INFO]: MongoDB Connected...
2025-01-14 03:09:45 [INFO]: MongoDB Connected...
2025-01-14 03:09:51 [INFO]: MongoDB Connected...
2025-01-14 03:10:05 [INFO]: MongoDB Connected...
2025-01-14 03:10:09 [INFO]: MongoDB Connected...
2025-01-14 03:10:16 [INFO]: MongoDB Connected...
2025-01-14 03:10:36 [INFO]: MongoDB Connected...
2025-01-14 03:14:30 [INFO]: MongoDB Connected...
2025-01-14 03:16:44 [INFO]: MongoDB Connected...
2025-01-14 03:17:45 [INFO]: MongoDB Connected...
2025-01-14 03:17:56 [INFO]: MongoDB Connected...
2025-01-14 03:17:59 [INFO]: MongoDB Connected...
2025-01-14 03:18:08 [INFO]: MongoDB Connected...
2025-01-14 03:18:20 [INFO]: MongoDB Connected...
2025-01-14 03:20:48 [INFO]: MongoDB Connected...
2025-01-14 03:20:51 [INFO]: MongoDB Connected...
2025-01-14 03:20:55 [INFO]: MongoDB Connected...
2025-01-14 03:22:11 [INFO]: MongoDB Connected...
2025-01-14 03:24:20 [INFO]: MongoDB Connected...
2025-01-14 03:24:24 [INFO]: MongoDB Connected...
2025-01-14 03:24:38 [INFO]: MongoDB Connected...
2025-01-14 03:24:44 [INFO]: MongoDB Connected...
2025-01-14 03:24:48 [INFO]: MongoDB Connected...
2025-01-14 03:24:54 [INFO]: MongoDB Connected...
2025-01-14 03:24:57 [INFO]: MongoDB Connected...
2025-01-14 03:25:02 [INFO]: MongoDB Connected...
2025-01-14 03:26:42 [INFO]: MongoDB Connected...
2025-01-14 03:28:13 [INFO]: MongoDB Connected...
2025-01-14 03:30:38 [INFO]: MongoDB Connected...
2025-01-14 03:30:41 [INFO]: MongoDB Connected...
2025-01-14 03:30:45 [INFO]: MongoDB Connected...
2025-01-14 03:32:30 [INFO]: MongoDB Connected...
2025-01-14 03:33:23 [INFO]: MongoDB Connected...
2025-01-14 03:33:45 [INFO]: MongoDB Connected...
2025-01-14 03:33:49 [INFO]: MongoDB Connected...
2025-01-14 03:33:51 [INFO]: MongoDB Connected...
2025-01-14 03:33:54 [INFO]: MongoDB Connected...
2025-01-14 03:36:28 [INFO]: MongoDB Connected...
2025-01-14 03:36:30 [INFO]: MongoDB Connected...
2025-01-14 03:36:36 [INFO]: MongoDB Connected...
2025-01-14 03:39:08 [INFO]: MongoDB Connected...
2025-01-14 03:40:53 [INFO]: MongoDB Connected...
2025-01-14 03:49:01 [INFO]: MongoDB Connected...
2025-01-14 03:49:11 [INFO]: MongoDB Connected...
2025-01-14 03:49:38 [INFO]: MongoDB Connected...
2025-01-14 03:49:53 [INFO]: MongoDB Connected...
2025-01-14 03:49:55 [INFO]: MongoDB Connected...
2025-01-14 03:55:51 [INFO]: MongoDB Connected...
2025-01-14 03:59:16 [INFO]: MongoDB Connected...
2025-01-14 03:59:52 [INFO]: MongoDB Connected...
2025-01-14 04:00:02 [INFO]: MongoDB Connected...
2025-01-14 04:03:02 [INFO]: MongoDB Connected...
2025-01-14 04:03:07 [INFO]: MongoDB Connected...
2025-01-14 04:03:41 [INFO]: MongoDB Connected...
2025-01-14 04:03:45 [INFO]: MongoDB Connected...
2025-01-14 04:03:51 [INFO]: MongoDB Connected...
2025-01-14 04:07:48 [INFO]: MongoDB Connected...
2025-01-14 04:07:56 [INFO]: MongoDB Connected...
2025-01-14 04:08:08 [INFO]: MongoDB Connected...
2025-01-14 04:08:12 [INFO]: MongoDB Connected...
2025-01-14 04:08:17 [INFO]: MongoDB Connected...
2025-01-14 04:09:51 [INFO]: MongoDB Connected...
2025-01-14 04:12:22 [INFO]: MongoDB Connected...
2025-01-14 04:13:24 [INFO]: MongoDB Connected...
2025-01-14 04:13:26 [INFO]: MongoDB Connected...
2025-01-14 04:13:32 [INFO]: MongoDB Connected...
2025-01-14 04:14:21 [INFO]: MongoDB Connected...
2025-01-14 04:14:26 [INFO]: MongoDB Connected...
2025-01-14 04:14:37 [INFO]: MongoDB Connected...
2025-01-14 04:14:47 [INFO]: MongoDB Connected...
2025-01-14 04:14:59 [INFO]: MongoDB Connected...
2025-01-14 04:15:44 [INFO]: MongoDB Connected...
2025-01-14 04:15:50 [INFO]: MongoDB Connected...
2025-01-14 04:17:28 [INFO]: MongoDB Connected...
2025-01-14 04:18:08 [INFO]: MongoDB Connected...
2025-01-14 04:18:14 [INFO]: MongoDB Connected...
2025-01-14 04:19:44 [INFO]: MongoDB Connected...
2025-01-14 04:21:29 [INFO]: MongoDB Connected...
2025-01-14 04:21:37 [INFO]: MongoDB Connected...
2025-01-14 04:21:42 [INFO]: MongoDB Connected...
2025-01-14 04:21:46 [INFO]: MongoDB Connected...
2025-01-14 04:21:50 [INFO]: MongoDB Connected...
2025-01-14 04:21:54 [INFO]: MongoDB Connected...
2025-01-14 04:22:00 [INFO]: MongoDB Connected...
2025-01-14 04:22:04 [INFO]: MongoDB Connected...
2025-01-14 04:22:09 [INFO]: MongoDB Connected...
2025-01-14 04:22:17 [INFO]: MongoDB Connected...
2025-01-14 04:22:19 [INFO]: MongoDB Connected...
2025-01-14 04:23:08 [INFO]: MongoDB Connected...
2025-01-14 04:23:12 [INFO]: MongoDB Connected...
2025-01-14 04:23:59 [INFO]: MongoDB Connected...
2025-01-14 04:24:03 [INFO]: MongoDB Connected...
2025-01-14 04:25:09 [INFO]: MongoDB Connected...
2025-01-14 04:25:48 [INFO]: MongoDB Connected...
2025-01-14 04:26:04 [INFO]: MongoDB Connected...
2025-01-14 04:26:56 [INFO]: MongoDB Connected...
2025-01-14 04:27:01 [INFO]: MongoDB Connected...
2025-01-14 04:32:16 [INFO]: MongoDB Connected...
2025-01-14 04:32:25 [INFO]: MongoDB Connected...
2025-01-14 04:32:56 [INFO]: MongoDB Connected...
2025-01-14 04:33:25 [INFO]: MongoDB Connected...
2025-01-14 04:33:51 [INFO]: MongoDB Connected...
2025-01-14 04:35:38 [INFO]: MongoDB Connected...
2025-01-14 04:35:46 [INFO]: MongoDB Connected...
2025-01-14 04:36:04 [INFO]: MongoDB Connected...
2025-01-14 04:46:55 [INFO]: MongoDB Connected...
2025-01-14 04:46:59 [INFO]: MongoDB Connected...
2025-01-14 04:47:09 [INFO]: MongoDB Connected...
2025-01-14 04:47:13 [INFO]: MongoDB Connected...
2025-01-14 04:47:38 [INFO]: MongoDB Connected...
2025-01-14 04:47:47 [INFO]: MongoDB Connected...
2025-01-14 04:48:09 [INFO]: MongoDB Connected...
2025-01-14 04:48:14 [INFO]: MongoDB Connected...
2025-01-14 04:49:21 [INFO]: MongoDB Connected...
2025-01-14 04:49:57 [INFO]: MongoDB Connected...
2025-01-14 04:50:03 [INFO]: MongoDB Connected...
2025-01-14 04:50:08 [INFO]: MongoDB Connected...
2025-01-14 04:50:31 [INFO]: MongoDB Connected...
2025-01-14 04:50:36 [INFO]: MongoDB Connected...
2025-01-14 04:50:41 [INFO]: MongoDB Connected...
2025-01-14 04:50:47 [INFO]: MongoDB Connected...
2025-01-14 04:50:59 [INFO]: MongoDB Connected...
2025-01-14 04:53:14 [INFO]: MongoDB Connected...
2025-01-14 04:55:03 [INFO]: MongoDB Connected...
